[0.279s] Invoking command in '/home/advitha/ros2_ws/src/sensor_combined': PYTHONPATH=/home/advitha/ros2_ws/build/sensor_combined/prefix_override:/usr/lib/python3/dist-packages/colcon_core/task/python/colcon_distutils_commands:/home/advitha/ros2_ws/install/sensor_combined/lib/python3.10/site-packages:${PYTHONPATH} /usr/bin/python3 -W ignore:setup.py install is deprecated -W ignore:easy_install command is deprecated setup.py egg_info --egg-base ../../build/sensor_combined build --build-base /home/advitha/ros2_ws/build/sensor_combined/build install --record /home/advitha/ros2_ws/build/sensor_combined/install.log --single-version-externally-managed install_data
[0.398s] running egg_info
[0.399s] writing ../../build/sensor_combined/sensor_combined.egg-info/PKG-INFO
[0.399s] writing dependency_links to ../../build/sensor_combined/sensor_combined.egg-info/dependency_links.txt
[0.399s] writing entry points to ../../build/sensor_combined/sensor_combined.egg-info/entry_points.txt
[0.399s] writing requirements to ../../build/sensor_combined/sensor_combined.egg-info/requires.txt
[0.399s] writing top-level names to ../../build/sensor_combined/sensor_combined.egg-info/top_level.txt
[0.400s] reading manifest file '../../build/sensor_combined/sensor_combined.egg-info/SOURCES.txt'
[0.400s] writing manifest file '../../build/sensor_combined/sensor_combined.egg-info/SOURCES.txt'
[0.400s] running build
[0.400s] running build_py
[0.401s] running install
[0.401s] running install_lib
[0.401s] running install_data
[0.401s] running install_egg_info
[0.402s] removing '/home/advitha/ros2_ws/install/sensor_combined/lib/python3.10/site-packages/sensor_combined-0.0.1-py3.10.egg-info' (and everything under it)
[0.402s] Copying ../../build/sensor_combined/sensor_combined.egg-info to /home/advitha/ros2_ws/install/sensor_combined/lib/python3.10/site-packages/sensor_combined-0.0.1-py3.10.egg-info
[0.403s] running install_scripts
[0.414s] Installing figure_eight_node script to /home/advitha/ros2_ws/install/sensor_combined/lib/sensor_combined
[0.414s] Installing log_messages script to /home/advitha/ros2_ws/install/sensor_combined/lib/sensor_combined
[0.414s] writing list of installed files to '/home/advitha/ros2_ws/build/sensor_combined/install.log'
[0.428s] Invoked command in '/home/advitha/ros2_ws/src/sensor_combined' returned '0': PYTHONPATH=/home/advitha/ros2_ws/build/sensor_combined/prefix_override:/usr/lib/python3/dist-packages/colcon_core/task/python/colcon_distutils_commands:/home/advitha/ros2_ws/install/sensor_combined/lib/python3.10/site-packages:${PYTHONPATH} /usr/bin/python3 -W ignore:setup.py install is deprecated -W ignore:easy_install command is deprecated setup.py egg_info --egg-base ../../build/sensor_combined build --build-base /home/advitha/ros2_ws/build/sensor_combined/build install --record /home/advitha/ros2_ws/build/sensor_combined/install.log --single-version-externally-managed install_data
