[0.051s] DEBUG:colcon:Command line arguments: ['/usr/bin/colcon', 'build']
[0.051s] DEBUG:colcon:Parsed command line arguments: Namespace(log_base=None, log_level=None, verb_name='build', build_base='build', install_base='install', merge_install=False, symlink_install=False, test_result_base=None, continue_on_error=False, executor='parallel', parallel_workers=20, event_handlers=None, ignore_user_meta=False, metas=['./colcon.meta'], base_paths=['.'], packages_ignore=None, packages_ignore_regex=None, paths=None, packages_up_to=None, packages_up_to_regex=None, packages_above=None, packages_above_and_dependencies=None, packages_above_depth=None, packages_select_by_dep=None, packages_skip_by_dep=None, packages_skip_up_to=None, packages_select_build_failed=False, packages_skip_build_finished=False, packages_select_test_failures=False, packages_skip_test_passed=False, packages_select=None, packages_skip=None, packages_select_regex=None, packages_skip_regex=None, packages_start=None, packages_end=None, allow_overriding=[], cmake_args=None, cmake_target=None, cmake_target_skip_unavailable=False, cmake_clean_cache=False, cmake_clean_first=False, cmake_force_configure=False, ament_cmake_args=None, catkin_cmake_args=None, catkin_skip_building_tests=False, mixin_files=None, mixin=None, verb_parser=<colcon_mixin.mixin.mixin_argument.MixinArgumentDecorator object at 0x774746675ed0>, verb_extension=<colcon_core.verb.build.BuildVerb object at 0x77474677eec0>, main=<bound method BuildVerb.main of <colcon_core.verb.build.BuildVerb object at 0x77474677eec0>>, mixin_verb=('build',))
[0.123s] Level 1:colcon.colcon_core.package_discovery:discover_packages(colcon_meta) check parameters
[0.123s] Level 1:colcon.colcon_core.package_discovery:discover_packages(recursive) check parameters
[0.123s] Level 1:colcon.colcon_core.package_discovery:discover_packages(ignore) check parameters
[0.124s] Level 1:colcon.colcon_core.package_discovery:discover_packages(path) check parameters
[0.124s] Level 1:colcon.colcon_core.package_discovery:discover_packages(colcon_meta) discover
[0.124s] Level 1:colcon.colcon_core.package_discovery:discover_packages(recursive) discover
[0.124s] INFO:colcon.colcon_core.package_discovery:Crawling recursively for packages in '/home/advitha/ros2_ws'
[0.124s] Level 1:colcon.colcon_core.package_identification:_identify(.) by extensions ['ignore', 'ignore_ament_install']
[0.124s] Level 1:colcon.colcon_core.package_identification:_identify(.) by extension 'ignore'
[0.124s] Level 1:colcon.colcon_core.package_identification:_identify(.) by extension 'ignore_ament_install'
[0.124s] Level 1:colcon.colcon_core.package_identification:_identify(.) by extensions ['colcon_pkg']
[0.124s] Level 1:colcon.colcon_core.package_identification:_identify(.) by extension 'colcon_pkg'
[0.124s] Level 1:colcon.colcon_core.package_identification:_identify(.) by extensions ['colcon_meta']
[0.124s] Level 1:colcon.colcon_core.package_identification:_identify(.) by extension 'colcon_meta'
[0.124s] Level 1:colcon.colcon_core.package_identification:_identify(.) by extensions ['ros']
[0.124s] Level 1:colcon.colcon_core.package_identification:_identify(.) by extension 'ros'
[0.129s] Level 1:colcon.colcon_core.package_identification:_identify(.) by extensions ['cmake', 'python']
[0.129s] Level 1:colcon.colcon_core.package_identification:_identify(.) by extension 'cmake'
[0.129s] Level 1:colcon.colcon_core.package_identification:_identify(.) by extension 'python'
[0.129s] Level 1:colcon.colcon_core.package_identification:_identify(.) by extensions ['python_setup_py']
[0.129s] Level 1:colcon.colcon_core.package_identification:_identify(.) by extension 'python_setup_py'
[0.129s] Level 1:colcon.colcon_core.package_identification:_identify(build) by extensions ['ignore', 'ignore_ament_install']
[0.129s] Level 1:colcon.colcon_core.package_identification:_identify(build) by extension 'ignore'
[0.129s] Level 1:colcon.colcon_core.package_identification:_identify(build) ignored
[0.129s] Level 1:colcon.colcon_core.package_identification:_identify(install) by extensions ['ignore', 'ignore_ament_install']
[0.129s] Level 1:colcon.colcon_core.package_identification:_identify(install) by extension 'ignore'
[0.129s] Level 1:colcon.colcon_core.package_identification:_identify(install) ignored
[0.129s] Level 1:colcon.colcon_core.package_identification:_identify(log) by extensions ['ignore', 'ignore_ament_install']
[0.129s] Level 1:colcon.colcon_core.package_identification:_identify(log) by extension 'ignore'
[0.130s] Level 1:colcon.colcon_core.package_identification:_identify(log) ignored
[0.130s] Level 1:colcon.colcon_core.package_identification:_identify(px4_msgs) by extensions ['ignore', 'ignore_ament_install']
[0.130s] Level 1:colcon.colcon_core.package_identification:_identify(px4_msgs) by extension 'ignore'
[0.130s] Level 1:colcon.colcon_core.package_identification:_identify(px4_msgs) by extension 'ignore_ament_install'
[0.130s] Level 1:colcon.colcon_core.package_identification:_identify(px4_msgs) by extensions ['colcon_pkg']
[0.130s] Level 1:colcon.colcon_core.package_identification:_identify(px4_msgs) by extension 'colcon_pkg'
[0.130s] Level 1:colcon.colcon_core.package_identification:_identify(px4_msgs) by extensions ['colcon_meta']
[0.130s] Level 1:colcon.colcon_core.package_identification:_identify(px4_msgs) by extension 'colcon_meta'
[0.130s] Level 1:colcon.colcon_core.package_identification:_identify(px4_msgs) by extensions ['ros']
[0.130s] Level 1:colcon.colcon_core.package_identification:_identify(px4_msgs) by extension 'ros'
[0.131s] DEBUG:colcon.colcon_core.package_identification:Package 'px4_msgs' with type 'ros.ament_cmake' and name 'px4_msgs'
[0.131s] Level 1:colcon.colcon_core.package_identification:_identify(px4_ros_com) by extensions ['ignore', 'ignore_ament_install']
[0.131s] Level 1:colcon.colcon_core.package_identification:_identify(px4_ros_com) by extension 'ignore'
[0.131s] Level 1:colcon.colcon_core.package_identification:_identify(px4_ros_com) by extension 'ignore_ament_install'
[0.131s] Level 1:colcon.colcon_core.package_identification:_identify(px4_ros_com) by extensions ['colcon_pkg']
[0.131s] Level 1:colcon.colcon_core.package_identification:_identify(px4_ros_com) by extension 'colcon_pkg'
[0.131s] Level 1:colcon.colcon_core.package_identification:_identify(px4_ros_com) by extensions ['colcon_meta']
[0.131s] Level 1:colcon.colcon_core.package_identification:_identify(px4_ros_com) by extension 'colcon_meta'
[0.131s] Level 1:colcon.colcon_core.package_identification:_identify(px4_ros_com) by extensions ['ros']
[0.131s] Level 1:colcon.colcon_core.package_identification:_identify(px4_ros_com) by extension 'ros'
[0.132s] DEBUG:colcon.colcon_core.package_identification:Package 'px4_ros_com' with type 'ros.ament_cmake' and name 'px4_ros_com'
[0.132s] Level 1:colcon.colcon_core.package_identification:_identify(src) by extensions ['ignore', 'ignore_ament_install']
[0.132s] Level 1:colcon.colcon_core.package_identification:_identify(src) by extension 'ignore'
[0.132s] Level 1:colcon.colcon_core.package_identification:_identify(src) by extension 'ignore_ament_install'
[0.132s] Level 1:colcon.colcon_core.package_identification:_identify(src) by extensions ['colcon_pkg']
[0.132s] Level 1:colcon.colcon_core.package_identification:_identify(src) by extension 'colcon_pkg'
[0.132s] Level 1:colcon.colcon_core.package_identification:_identify(src) by extensions ['colcon_meta']
[0.132s] Level 1:colcon.colcon_core.package_identification:_identify(src) by extension 'colcon_meta'
[0.132s] Level 1:colcon.colcon_core.package_identification:_identify(src) by extensions ['ros']
[0.132s] Level 1:colcon.colcon_core.package_identification:_identify(src) by extension 'ros'
[0.132s] Level 1:colcon.colcon_core.package_identification:_identify(src) by extensions ['cmake', 'python']
[0.132s] Level 1:colcon.colcon_core.package_identification:_identify(src) by extension 'cmake'
[0.132s] Level 1:colcon.colcon_core.package_identification:_identify(src) by extension 'python'
[0.132s] Level 1:colcon.colcon_core.package_identification:_identify(src) by extensions ['python_setup_py']
[0.132s] Level 1:colcon.colcon_core.package_identification:_identify(src) by extension 'python_setup_py'
[0.132s] Level 1:colcon.colcon_core.package_identification:_identify(src/sensor_combined) by extensions ['ignore', 'ignore_ament_install']
[0.132s] Level 1:colcon.colcon_core.package_identification:_identify(src/sensor_combined) by extension 'ignore'
[0.132s] Level 1:colcon.colcon_core.package_identification:_identify(src/sensor_combined) by extension 'ignore_ament_install'
[0.132s] Level 1:colcon.colcon_core.package_identification:_identify(src/sensor_combined) by extensions ['colcon_pkg']
[0.132s] Level 1:colcon.colcon_core.package_identification:_identify(src/sensor_combined) by extension 'colcon_pkg'
[0.132s] Level 1:colcon.colcon_core.package_identification:_identify(src/sensor_combined) by extensions ['colcon_meta']
[0.132s] Level 1:colcon.colcon_core.package_identification:_identify(src/sensor_combined) by extension 'colcon_meta'
[0.132s] Level 1:colcon.colcon_core.package_identification:_identify(src/sensor_combined) by extensions ['ros']
[0.132s] Level 1:colcon.colcon_core.package_identification:_identify(src/sensor_combined) by extension 'ros'
[0.132s] DEBUG:colcon.colcon_core.package_identification:Package 'src/sensor_combined' with type 'ros.ament_python' and name 'sensor_combined'
[0.133s] Level 1:colcon.colcon_core.package_discovery:discover_packages(recursive) using defaults
[0.133s] Level 1:colcon.colcon_core.package_discovery:discover_packages(ignore) discover
[0.133s] Level 1:colcon.colcon_core.package_discovery:discover_packages(ignore) using defaults
[0.133s] Level 1:colcon.colcon_core.package_discovery:discover_packages(path) discover
[0.133s] Level 1:colcon.colcon_core.package_discovery:discover_packages(path) using defaults
[0.147s] Level 1:colcon.colcon_core.package_discovery:discover_packages(prefix_path) check parameters
[0.147s] Level 1:colcon.colcon_core.package_discovery:discover_packages(prefix_path) discover
[0.148s] DEBUG:colcon.colcon_installed_package_information.package_discovery:Found 1 installed packages in /home/advitha/ros2_ws/install
[0.148s] DEBUG:colcon.colcon_installed_package_information.package_discovery:Found 271 installed packages in /opt/ros/humble
[0.149s] Level 1:colcon.colcon_core.package_discovery:discover_packages(prefix_path) using defaults
[0.164s] Level 5:colcon.colcon_core.verb:set package 'px4_msgs' build argument 'cmake_args' from command line to 'None'
[0.165s] Level 5:colcon.colcon_core.verb:set package 'px4_msgs' build argument 'cmake_target' from command line to 'None'
[0.165s] Level 5:colcon.colcon_core.verb:set package 'px4_msgs' build argument 'cmake_target_skip_unavailable' from command line to 'False'
[0.165s] Level 5:colcon.colcon_core.verb:set package 'px4_msgs' build argument 'cmake_clean_cache' from command line to 'False'
[0.165s] Level 5:colcon.colcon_core.verb:set package 'px4_msgs' build argument 'cmake_clean_first' from command line to 'False'
[0.165s] Level 5:colcon.colcon_core.verb:set package 'px4_msgs' build argument 'cmake_force_configure' from command line to 'False'
[0.165s] Level 5:colcon.colcon_core.verb:set package 'px4_msgs' build argument 'ament_cmake_args' from command line to 'None'
[0.165s] Level 5:colcon.colcon_core.verb:set package 'px4_msgs' build argument 'catkin_cmake_args' from command line to 'None'
[0.165s] Level 5:colcon.colcon_core.verb:set package 'px4_msgs' build argument 'catkin_skip_building_tests' from command line to 'False'
[0.165s] DEBUG:colcon.colcon_core.verb:Building package 'px4_msgs' with the following arguments: {'ament_cmake_args': None, 'build_base': '/home/advitha/ros2_ws/build/px4_msgs', 'catkin_cmake_args': None, 'catkin_skip_building_tests': False, 'cmake_args': None, 'cmake_clean_cache': False, 'cmake_clean_first': False, 'cmake_force_configure': False, 'cmake_target': None, 'cmake_target_skip_unavailable': False, 'install_base': '/home/advitha/ros2_ws/install/px4_msgs', 'merge_install': False, 'path': '/home/advitha/ros2_ws/px4_msgs', 'symlink_install': False, 'test_result_base': None}
[0.165s] Level 5:colcon.colcon_core.verb:set package 'sensor_combined' build argument 'cmake_args' from command line to 'None'
[0.165s] Level 5:colcon.colcon_core.verb:set package 'sensor_combined' build argument 'cmake_target' from command line to 'None'
[0.165s] Level 5:colcon.colcon_core.verb:set package 'sensor_combined' build argument 'cmake_target_skip_unavailable' from command line to 'False'
[0.165s] Level 5:colcon.colcon_core.verb:set package 'sensor_combined' build argument 'cmake_clean_cache' from command line to 'False'
[0.165s] Level 5:colcon.colcon_core.verb:set package 'sensor_combined' build argument 'cmake_clean_first' from command line to 'False'
[0.165s] Level 5:colcon.colcon_core.verb:set package 'sensor_combined' build argument 'cmake_force_configure' from command line to 'False'
[0.165s] Level 5:colcon.colcon_core.verb:set package 'sensor_combined' build argument 'ament_cmake_args' from command line to 'None'
[0.165s] Level 5:colcon.colcon_core.verb:set package 'sensor_combined' build argument 'catkin_cmake_args' from command line to 'None'
[0.165s] Level 5:colcon.colcon_core.verb:set package 'sensor_combined' build argument 'catkin_skip_building_tests' from command line to 'False'
[0.165s] DEBUG:colcon.colcon_core.verb:Building package 'sensor_combined' with the following arguments: {'ament_cmake_args': None, 'build_base': '/home/advitha/ros2_ws/build/sensor_combined', 'catkin_cmake_args': None, 'catkin_skip_building_tests': False, 'cmake_args': None, 'cmake_clean_cache': False, 'cmake_clean_first': False, 'cmake_force_configure': False, 'cmake_target': None, 'cmake_target_skip_unavailable': False, 'install_base': '/home/advitha/ros2_ws/install/sensor_combined', 'merge_install': False, 'path': '/home/advitha/ros2_ws/src/sensor_combined', 'symlink_install': False, 'test_result_base': None}
[0.165s] Level 5:colcon.colcon_core.verb:set package 'px4_ros_com' build argument 'cmake_args' from command line to 'None'
[0.165s] Level 5:colcon.colcon_core.verb:set package 'px4_ros_com' build argument 'cmake_target' from command line to 'None'
[0.165s] Level 5:colcon.colcon_core.verb:set package 'px4_ros_com' build argument 'cmake_target_skip_unavailable' from command line to 'False'
[0.165s] Level 5:colcon.colcon_core.verb:set package 'px4_ros_com' build argument 'cmake_clean_cache' from command line to 'False'
[0.165s] Level 5:colcon.colcon_core.verb:set package 'px4_ros_com' build argument 'cmake_clean_first' from command line to 'False'
[0.165s] Level 5:colcon.colcon_core.verb:set package 'px4_ros_com' build argument 'cmake_force_configure' from command line to 'False'
[0.165s] Level 5:colcon.colcon_core.verb:set package 'px4_ros_com' build argument 'ament_cmake_args' from command line to 'None'
[0.165s] Level 5:colcon.colcon_core.verb:set package 'px4_ros_com' build argument 'catkin_cmake_args' from command line to 'None'
[0.165s] Level 5:colcon.colcon_core.verb:set package 'px4_ros_com' build argument 'catkin_skip_building_tests' from command line to 'False'
[0.165s] DEBUG:colcon.colcon_core.verb:Building package 'px4_ros_com' with the following arguments: {'ament_cmake_args': None, 'build_base': '/home/advitha/ros2_ws/build/px4_ros_com', 'catkin_cmake_args': None, 'catkin_skip_building_tests': False, 'cmake_args': None, 'cmake_clean_cache': False, 'cmake_clean_first': False, 'cmake_force_configure': False, 'cmake_target': None, 'cmake_target_skip_unavailable': False, 'install_base': '/home/advitha/ros2_ws/install/px4_ros_com', 'merge_install': False, 'path': '/home/advitha/ros2_ws/px4_ros_com', 'symlink_install': False, 'test_result_base': None}
[0.165s] INFO:colcon.colcon_core.executor:Executing jobs using 'parallel' executor
[0.166s] DEBUG:colcon.colcon_parallel_executor.executor.parallel:run_until_complete
[0.166s] INFO:colcon.colcon_ros.task.ament_cmake.build:Building ROS package in '/home/advitha/ros2_ws/px4_msgs' with build type 'ament_cmake'
[0.166s] INFO:colcon.colcon_cmake.task.cmake.build:Building CMake package in '/home/advitha/ros2_ws/px4_msgs'
[0.167s] INFO:colcon.colcon_core.plugin_system:Skipping extension 'colcon_core.shell.bat': Not used on non-Windows systems
[0.167s] INFO:colcon.colcon_core.shell:Skip shell extension 'powershell' for command environment: Not usable outside of PowerShell
[0.167s] DEBUG:colcon.colcon_core.shell:Skip shell extension 'dsv' for command environment
[0.169s] INFO:colcon.colcon_ros.task.ament_python.build:Building ROS package in '/home/advitha/ros2_ws/src/sensor_combined' with build type 'ament_python'
[0.169s] Level 1:colcon.colcon_core.shell:create_environment_hook('sensor_combined', 'ament_prefix_path')
[0.169s] INFO:colcon.colcon_core.shell:Creating environment hook '/home/advitha/ros2_ws/install/sensor_combined/share/sensor_combined/hook/ament_prefix_path.ps1'
[0.169s] INFO:colcon.colcon_core.shell:Creating environment descriptor '/home/advitha/ros2_ws/install/sensor_combined/share/sensor_combined/hook/ament_prefix_path.dsv'
[0.170s] INFO:colcon.colcon_core.shell:Creating environment hook '/home/advitha/ros2_ws/install/sensor_combined/share/sensor_combined/hook/ament_prefix_path.sh'
[0.170s] INFO:colcon.colcon_core.shell:Skip shell extension 'powershell' for command environment: Not usable outside of PowerShell
[0.170s] DEBUG:colcon.colcon_core.shell:Skip shell extension 'dsv' for command environment
[0.172s] DEBUG:colcon.colcon_core.event_handler.log_command:Invoking command in '/home/advitha/ros2_ws/build/px4_msgs': CMAKE_PREFIX_PATH=/home/advitha/ros2_ws/install/sensor_combined:/opt/ros/humble /usr/bin/cmake /home/advitha/ros2_ws/px4_msgs -DCMAKE_INSTALL_PREFIX=/home/advitha/ros2_ws/install/px4_msgs
[0.295s] INFO:colcon.colcon_core.task.python.build:Building Python package in '/home/advitha/ros2_ws/src/sensor_combined'
[0.296s] INFO:colcon.colcon_core.shell:Skip shell extension 'powershell' for command environment: Not usable outside of PowerShell
[0.296s] DEBUG:colcon.colcon_core.shell:Skip shell extension 'dsv' for command environment
[0.454s] DEBUG:colcon.colcon_core.event_handler.log_command:Invoking command in '/home/advitha/ros2_ws/src/sensor_combined': PYTHONPATH=/home/advitha/ros2_ws/build/sensor_combined/prefix_override:/usr/lib/python3/dist-packages/colcon_core/task/python/colcon_distutils_commands:/home/advitha/ros2_ws/install/sensor_combined/lib/python3.10/site-packages:${PYTHONPATH} /usr/bin/python3 -W ignore:setup.py install is deprecated -W ignore:easy_install command is deprecated setup.py egg_info --egg-base ../../build/sensor_combined build --build-base /home/advitha/ros2_ws/build/sensor_combined/build install --record /home/advitha/ros2_ws/build/sensor_combined/install.log --single-version-externally-managed install_data
[0.589s] DEBUG:colcon.colcon_core.event_handler.log_command:Invoked command in '/home/advitha/ros2_ws/src/sensor_combined' returned '0': PYTHONPATH=/home/advitha/ros2_ws/build/sensor_combined/prefix_override:/usr/lib/python3/dist-packages/colcon_core/task/python/colcon_distutils_commands:/home/advitha/ros2_ws/install/sensor_combined/lib/python3.10/site-packages:${PYTHONPATH} /usr/bin/python3 -W ignore:setup.py install is deprecated -W ignore:easy_install command is deprecated setup.py egg_info --egg-base ../../build/sensor_combined build --build-base /home/advitha/ros2_ws/build/sensor_combined/build install --record /home/advitha/ros2_ws/build/sensor_combined/install.log --single-version-externally-managed install_data
[0.591s] Level 1:colcon.colcon_core.environment:checking '/home/advitha/ros2_ws/install/sensor_combined' for CMake module files
[0.591s] Level 1:colcon.colcon_core.environment:checking '/home/advitha/ros2_ws/install/sensor_combined' for CMake config files
[0.592s] Level 1:colcon.colcon_core.environment:checking '/home/advitha/ros2_ws/install/sensor_combined/lib'
[0.592s] Level 1:colcon.colcon_core.environment:checking '/home/advitha/ros2_ws/install/sensor_combined/bin'
[0.592s] Level 1:colcon.colcon_core.environment:checking '/home/advitha/ros2_ws/install/sensor_combined/lib/pkgconfig/sensor_combined.pc'
[0.592s] Level 1:colcon.colcon_core.environment:checking '/home/advitha/ros2_ws/install/sensor_combined/lib/python3.10/site-packages'
[0.592s] Level 1:colcon.colcon_core.shell:create_environment_hook('sensor_combined', 'pythonpath')
[0.593s] INFO:colcon.colcon_core.shell:Creating environment hook '/home/advitha/ros2_ws/install/sensor_combined/share/sensor_combined/hook/pythonpath.ps1'
[0.593s] INFO:colcon.colcon_core.shell:Creating environment descriptor '/home/advitha/ros2_ws/install/sensor_combined/share/sensor_combined/hook/pythonpath.dsv'
[0.593s] INFO:colcon.colcon_core.shell:Creating environment hook '/home/advitha/ros2_ws/install/sensor_combined/share/sensor_combined/hook/pythonpath.sh'
[0.594s] Level 1:colcon.colcon_core.environment:checking '/home/advitha/ros2_ws/install/sensor_combined/bin'
[0.594s] Level 1:colcon.colcon_core.environment:create_environment_scripts_only(sensor_combined)
[0.594s] INFO:colcon.colcon_core.shell:Creating package script '/home/advitha/ros2_ws/install/sensor_combined/share/sensor_combined/package.ps1'
[0.595s] INFO:colcon.colcon_core.shell:Creating package descriptor '/home/advitha/ros2_ws/install/sensor_combined/share/sensor_combined/package.dsv'
[0.595s] INFO:colcon.colcon_core.shell:Creating package script '/home/advitha/ros2_ws/install/sensor_combined/share/sensor_combined/package.sh'
[0.596s] INFO:colcon.colcon_core.shell:Creating package script '/home/advitha/ros2_ws/install/sensor_combined/share/sensor_combined/package.bash'
[0.597s] INFO:colcon.colcon_core.shell:Creating package script '/home/advitha/ros2_ws/install/sensor_combined/share/sensor_combined/package.zsh'
[0.597s] Level 1:colcon.colcon_core.environment:create_file_with_runtime_dependencies(/home/advitha/ros2_ws/install/sensor_combined/share/colcon-core/packages/sensor_combined)
[2.104s] DEBUG:colcon.colcon_core.event_handler.log_command:Invoked command in '/home/advitha/ros2_ws/build/px4_msgs' returned '0': CMAKE_PREFIX_PATH=/home/advitha/ros2_ws/install/sensor_combined:/opt/ros/humble /usr/bin/cmake /home/advitha/ros2_ws/px4_msgs -DCMAKE_INSTALL_PREFIX=/home/advitha/ros2_ws/install/px4_msgs
[2.105s] DEBUG:colcon.colcon_core.event_handler.log_command:Invoking command in '/home/advitha/ros2_ws/build/px4_msgs': CMAKE_PREFIX_PATH=/home/advitha/ros2_ws/install/sensor_combined:/opt/ros/humble /usr/bin/cmake --build /home/advitha/ros2_ws/build/px4_msgs -- -j20 -l20
[97.817s] DEBUG:colcon.colcon_core.event_handler.log_command:Invoked command in '/home/advitha/ros2_ws/build/px4_msgs' returned '0': CMAKE_PREFIX_PATH=/home/advitha/ros2_ws/install/sensor_combined:/opt/ros/humble /usr/bin/cmake --build /home/advitha/ros2_ws/build/px4_msgs -- -j20 -l20
[97.826s] DEBUG:colcon.colcon_core.event_handler.log_command:Invoking command in '/home/advitha/ros2_ws/build/px4_msgs': CMAKE_PREFIX_PATH=/home/advitha/ros2_ws/install/sensor_combined:/opt/ros/humble /usr/bin/cmake --install /home/advitha/ros2_ws/build/px4_msgs
[98.353s] Level 1:colcon.colcon_core.environment:create_environment_scripts_only(px4_msgs)
[98.353s] DEBUG:colcon.colcon_core.event_handler.log_command:Invoked command in '/home/advitha/ros2_ws/build/px4_msgs' returned '0': CMAKE_PREFIX_PATH=/home/advitha/ros2_ws/install/sensor_combined:/opt/ros/humble /usr/bin/cmake --install /home/advitha/ros2_ws/build/px4_msgs
[98.353s] Level 1:colcon.colcon_core.environment:checking '/home/advitha/ros2_ws/install/px4_msgs' for CMake module files
[98.353s] Level 1:colcon.colcon_core.environment:checking '/home/advitha/ros2_ws/install/px4_msgs' for CMake config files
[98.356s] Level 1:colcon.colcon_core.shell:create_environment_hook('px4_msgs', 'cmake_prefix_path')
[98.356s] INFO:colcon.colcon_core.shell:Creating environment hook '/home/advitha/ros2_ws/install/px4_msgs/share/px4_msgs/hook/cmake_prefix_path.ps1'
[98.356s] INFO:colcon.colcon_core.shell:Creating environment descriptor '/home/advitha/ros2_ws/install/px4_msgs/share/px4_msgs/hook/cmake_prefix_path.dsv'
[98.356s] INFO:colcon.colcon_core.shell:Creating environment hook '/home/advitha/ros2_ws/install/px4_msgs/share/px4_msgs/hook/cmake_prefix_path.sh'
[98.356s] Level 1:colcon.colcon_core.environment:checking '/home/advitha/ros2_ws/install/px4_msgs/lib'
[98.356s] Level 1:colcon.colcon_core.shell:create_environment_hook('px4_msgs', 'ld_library_path_lib')
[98.357s] INFO:colcon.colcon_core.shell:Creating environment hook '/home/advitha/ros2_ws/install/px4_msgs/share/px4_msgs/hook/ld_library_path_lib.ps1'
[98.357s] INFO:colcon.colcon_core.shell:Creating environment descriptor '/home/advitha/ros2_ws/install/px4_msgs/share/px4_msgs/hook/ld_library_path_lib.dsv'
[98.357s] INFO:colcon.colcon_core.shell:Creating environment hook '/home/advitha/ros2_ws/install/px4_msgs/share/px4_msgs/hook/ld_library_path_lib.sh'
[98.357s] Level 1:colcon.colcon_core.environment:checking '/home/advitha/ros2_ws/install/px4_msgs/bin'
[98.357s] Level 1:colcon.colcon_core.environment:checking '/home/advitha/ros2_ws/install/px4_msgs/lib/pkgconfig/px4_msgs.pc'
[98.357s] Level 1:colcon.colcon_core.environment:checking '/home/advitha/ros2_ws/install/px4_msgs/lib/python3.10/site-packages'
[98.357s] Level 1:colcon.colcon_core.environment:checking '/home/advitha/ros2_ws/install/px4_msgs/bin'
[98.358s] INFO:colcon.colcon_core.shell:Creating package script '/home/advitha/ros2_ws/install/px4_msgs/share/px4_msgs/package.ps1'
[98.358s] INFO:colcon.colcon_core.shell:Creating package descriptor '/home/advitha/ros2_ws/install/px4_msgs/share/px4_msgs/package.dsv'
[98.358s] INFO:colcon.colcon_core.shell:Creating package script '/home/advitha/ros2_ws/install/px4_msgs/share/px4_msgs/package.sh'
[98.358s] INFO:colcon.colcon_core.shell:Creating package script '/home/advitha/ros2_ws/install/px4_msgs/share/px4_msgs/package.bash'
[98.358s] INFO:colcon.colcon_core.shell:Creating package script '/home/advitha/ros2_ws/install/px4_msgs/share/px4_msgs/package.zsh'
[98.358s] Level 1:colcon.colcon_core.environment:create_file_with_runtime_dependencies(/home/advitha/ros2_ws/install/px4_msgs/share/colcon-core/packages/px4_msgs)
[98.359s] Level 1:colcon.colcon_core.environment:create_environment_scripts_only(px4_msgs)
[98.359s] Level 1:colcon.colcon_core.environment:checking '/home/advitha/ros2_ws/install/px4_msgs' for CMake module files
[98.359s] Level 1:colcon.colcon_core.environment:checking '/home/advitha/ros2_ws/install/px4_msgs' for CMake config files
[98.361s] Level 1:colcon.colcon_core.shell:create_environment_hook('px4_msgs', 'cmake_prefix_path')
[98.362s] INFO:colcon.colcon_core.shell:Creating environment hook '/home/advitha/ros2_ws/install/px4_msgs/share/px4_msgs/hook/cmake_prefix_path.ps1'
[98.362s] INFO:colcon.colcon_core.shell:Creating environment descriptor '/home/advitha/ros2_ws/install/px4_msgs/share/px4_msgs/hook/cmake_prefix_path.dsv'
[98.362s] INFO:colcon.colcon_core.shell:Creating environment hook '/home/advitha/ros2_ws/install/px4_msgs/share/px4_msgs/hook/cmake_prefix_path.sh'
[98.362s] Level 1:colcon.colcon_core.environment:checking '/home/advitha/ros2_ws/install/px4_msgs/lib'
[98.362s] Level 1:colcon.colcon_core.shell:create_environment_hook('px4_msgs', 'ld_library_path_lib')
[98.362s] INFO:colcon.colcon_core.shell:Creating environment hook '/home/advitha/ros2_ws/install/px4_msgs/share/px4_msgs/hook/ld_library_path_lib.ps1'
[98.362s] INFO:colcon.colcon_core.shell:Creating environment descriptor '/home/advitha/ros2_ws/install/px4_msgs/share/px4_msgs/hook/ld_library_path_lib.dsv'
[98.363s] INFO:colcon.colcon_core.shell:Creating environment hook '/home/advitha/ros2_ws/install/px4_msgs/share/px4_msgs/hook/ld_library_path_lib.sh'
[98.363s] Level 1:colcon.colcon_core.environment:checking '/home/advitha/ros2_ws/install/px4_msgs/bin'
[98.363s] Level 1:colcon.colcon_core.environment:checking '/home/advitha/ros2_ws/install/px4_msgs/lib/pkgconfig/px4_msgs.pc'
[98.363s] Level 1:colcon.colcon_core.environment:checking '/home/advitha/ros2_ws/install/px4_msgs/lib/python3.10/site-packages'
[98.363s] Level 1:colcon.colcon_core.environment:checking '/home/advitha/ros2_ws/install/px4_msgs/bin'
[98.363s] INFO:colcon.colcon_core.shell:Creating package script '/home/advitha/ros2_ws/install/px4_msgs/share/px4_msgs/package.ps1'
[98.363s] INFO:colcon.colcon_core.shell:Creating package descriptor '/home/advitha/ros2_ws/install/px4_msgs/share/px4_msgs/package.dsv'
[98.364s] INFO:colcon.colcon_core.shell:Creating package script '/home/advitha/ros2_ws/install/px4_msgs/share/px4_msgs/package.sh'
[98.364s] INFO:colcon.colcon_core.shell:Creating package script '/home/advitha/ros2_ws/install/px4_msgs/share/px4_msgs/package.bash'
[98.364s] INFO:colcon.colcon_core.shell:Creating package script '/home/advitha/ros2_ws/install/px4_msgs/share/px4_msgs/package.zsh'
[98.364s] Level 1:colcon.colcon_core.environment:create_file_with_runtime_dependencies(/home/advitha/ros2_ws/install/px4_msgs/share/colcon-core/packages/px4_msgs)
[98.364s] INFO:colcon.colcon_ros.task.ament_cmake.build:Building ROS package in '/home/advitha/ros2_ws/px4_ros_com' with build type 'ament_cmake'
[98.364s] INFO:colcon.colcon_cmake.task.cmake.build:Building CMake package in '/home/advitha/ros2_ws/px4_ros_com'
[98.364s] INFO:colcon.colcon_core.shell:Skip shell extension 'powershell' for command environment: Not usable outside of PowerShell
[98.364s] DEBUG:colcon.colcon_core.shell:Skip shell extension 'dsv' for command environment
[98.371s] DEBUG:colcon.colcon_core.event_handler.log_command:Invoking command in '/home/advitha/ros2_ws/build/px4_ros_com': AMENT_PREFIX_PATH=/home/advitha/ros2_ws/install/px4_msgs:${AMENT_PREFIX_PATH} CMAKE_PREFIX_PATH=/home/advitha/ros2_ws/install/px4_msgs:/home/advitha/ros2_ws/install/sensor_combined:/opt/ros/humble LD_LIBRARY_PATH=/home/advitha/ros2_ws/install/px4_msgs/lib:${LD_LIBRARY_PATH} PYTHONPATH=/home/advitha/ros2_ws/install/px4_msgs/local/lib/python3.10/dist-packages:${PYTHONPATH} /usr/bin/cmake /home/advitha/ros2_ws/px4_ros_com -DCMAKE_INSTALL_PREFIX=/home/advitha/ros2_ws/install/px4_ros_com
[99.337s] DEBUG:colcon.colcon_core.event_handler.log_command:Invoked command in '/home/advitha/ros2_ws/build/px4_ros_com' returned '0': AMENT_PREFIX_PATH=/home/advitha/ros2_ws/install/px4_msgs:${AMENT_PREFIX_PATH} CMAKE_PREFIX_PATH=/home/advitha/ros2_ws/install/px4_msgs:/home/advitha/ros2_ws/install/sensor_combined:/opt/ros/humble LD_LIBRARY_PATH=/home/advitha/ros2_ws/install/px4_msgs/lib:${LD_LIBRARY_PATH} PYTHONPATH=/home/advitha/ros2_ws/install/px4_msgs/local/lib/python3.10/dist-packages:${PYTHONPATH} /usr/bin/cmake /home/advitha/ros2_ws/px4_ros_com -DCMAKE_INSTALL_PREFIX=/home/advitha/ros2_ws/install/px4_ros_com
[99.337s] DEBUG:colcon.colcon_core.event_handler.log_command:Invoking command in '/home/advitha/ros2_ws/build/px4_ros_com': AMENT_PREFIX_PATH=/home/advitha/ros2_ws/install/px4_msgs:${AMENT_PREFIX_PATH} CMAKE_PREFIX_PATH=/home/advitha/ros2_ws/install/px4_msgs:/home/advitha/ros2_ws/install/sensor_combined:/opt/ros/humble LD_LIBRARY_PATH=/home/advitha/ros2_ws/install/px4_msgs/lib:${LD_LIBRARY_PATH} PYTHONPATH=/home/advitha/ros2_ws/install/px4_msgs/local/lib/python3.10/dist-packages:${PYTHONPATH} /usr/bin/cmake --build /home/advitha/ros2_ws/build/px4_ros_com -- -j20 -l20
[104.158s] DEBUG:colcon.colcon_core.event_handler.log_command:Invoked command in '/home/advitha/ros2_ws/build/px4_ros_com' returned '0': AMENT_PREFIX_PATH=/home/advitha/ros2_ws/install/px4_msgs:${AMENT_PREFIX_PATH} CMAKE_PREFIX_PATH=/home/advitha/ros2_ws/install/px4_msgs:/home/advitha/ros2_ws/install/sensor_combined:/opt/ros/humble LD_LIBRARY_PATH=/home/advitha/ros2_ws/install/px4_msgs/lib:${LD_LIBRARY_PATH} PYTHONPATH=/home/advitha/ros2_ws/install/px4_msgs/local/lib/python3.10/dist-packages:${PYTHONPATH} /usr/bin/cmake --build /home/advitha/ros2_ws/build/px4_ros_com -- -j20 -l20
[104.159s] DEBUG:colcon.colcon_core.event_handler.log_command:Invoking command in '/home/advitha/ros2_ws/build/px4_ros_com': AMENT_PREFIX_PATH=/home/advitha/ros2_ws/install/px4_msgs:${AMENT_PREFIX_PATH} CMAKE_PREFIX_PATH=/home/advitha/ros2_ws/install/px4_msgs:/home/advitha/ros2_ws/install/sensor_combined:/opt/ros/humble LD_LIBRARY_PATH=/home/advitha/ros2_ws/install/px4_msgs/lib:${LD_LIBRARY_PATH} PYTHONPATH=/home/advitha/ros2_ws/install/px4_msgs/local/lib/python3.10/dist-packages:${PYTHONPATH} /usr/bin/cmake --install /home/advitha/ros2_ws/build/px4_ros_com
[104.192s] Level 1:colcon.colcon_core.environment:create_environment_scripts_only(px4_ros_com)
[104.192s] DEBUG:colcon.colcon_core.event_handler.log_command:Invoked command in '/home/advitha/ros2_ws/build/px4_ros_com' returned '0': AMENT_PREFIX_PATH=/home/advitha/ros2_ws/install/px4_msgs:${AMENT_PREFIX_PATH} CMAKE_PREFIX_PATH=/home/advitha/ros2_ws/install/px4_msgs:/home/advitha/ros2_ws/install/sensor_combined:/opt/ros/humble LD_LIBRARY_PATH=/home/advitha/ros2_ws/install/px4_msgs/lib:${LD_LIBRARY_PATH} PYTHONPATH=/home/advitha/ros2_ws/install/px4_msgs/local/lib/python3.10/dist-packages:${PYTHONPATH} /usr/bin/cmake --install /home/advitha/ros2_ws/build/px4_ros_com
[104.193s] Level 1:colcon.colcon_core.environment:checking '/home/advitha/ros2_ws/install/px4_ros_com' for CMake module files
[104.193s] Level 1:colcon.colcon_core.environment:checking '/home/advitha/ros2_ws/install/px4_ros_com' for CMake config files
[104.193s] Level 1:colcon.colcon_core.shell:create_environment_hook('px4_ros_com', 'cmake_prefix_path')
[104.193s] INFO:colcon.colcon_core.shell:Creating environment hook '/home/advitha/ros2_ws/install/px4_ros_com/share/px4_ros_com/hook/cmake_prefix_path.ps1'
[104.194s] INFO:colcon.colcon_core.shell:Creating environment descriptor '/home/advitha/ros2_ws/install/px4_ros_com/share/px4_ros_com/hook/cmake_prefix_path.dsv'
[104.194s] INFO:colcon.colcon_core.shell:Creating environment hook '/home/advitha/ros2_ws/install/px4_ros_com/share/px4_ros_com/hook/cmake_prefix_path.sh'
[104.194s] Level 1:colcon.colcon_core.environment:checking '/home/advitha/ros2_ws/install/px4_ros_com/lib'
[104.194s] Level 1:colcon.colcon_core.shell:create_environment_hook('px4_ros_com', 'ld_library_path_lib')
[104.194s] INFO:colcon.colcon_core.shell:Creating environment hook '/home/advitha/ros2_ws/install/px4_ros_com/share/px4_ros_com/hook/ld_library_path_lib.ps1'
[104.194s] INFO:colcon.colcon_core.shell:Creating environment descriptor '/home/advitha/ros2_ws/install/px4_ros_com/share/px4_ros_com/hook/ld_library_path_lib.dsv'
[104.194s] INFO:colcon.colcon_core.shell:Creating environment hook '/home/advitha/ros2_ws/install/px4_ros_com/share/px4_ros_com/hook/ld_library_path_lib.sh'
[104.194s] Level 1:colcon.colcon_core.environment:checking '/home/advitha/ros2_ws/install/px4_ros_com/bin'
[104.195s] Level 1:colcon.colcon_core.environment:checking '/home/advitha/ros2_ws/install/px4_ros_com/lib/pkgconfig/px4_ros_com.pc'
[104.195s] Level 1:colcon.colcon_core.environment:checking '/home/advitha/ros2_ws/install/px4_ros_com/lib/python3.10/site-packages'
[104.195s] Level 1:colcon.colcon_core.environment:checking '/home/advitha/ros2_ws/install/px4_ros_com/bin'
[104.195s] INFO:colcon.colcon_core.shell:Creating package script '/home/advitha/ros2_ws/install/px4_ros_com/share/px4_ros_com/package.ps1'
[104.195s] INFO:colcon.colcon_core.shell:Creating package descriptor '/home/advitha/ros2_ws/install/px4_ros_com/share/px4_ros_com/package.dsv'
[104.195s] INFO:colcon.colcon_core.shell:Creating package script '/home/advitha/ros2_ws/install/px4_ros_com/share/px4_ros_com/package.sh'
[104.195s] INFO:colcon.colcon_core.shell:Creating package script '/home/advitha/ros2_ws/install/px4_ros_com/share/px4_ros_com/package.bash'
[104.196s] INFO:colcon.colcon_core.shell:Creating package script '/home/advitha/ros2_ws/install/px4_ros_com/share/px4_ros_com/package.zsh'
[104.196s] Level 1:colcon.colcon_core.environment:create_file_with_runtime_dependencies(/home/advitha/ros2_ws/install/px4_ros_com/share/colcon-core/packages/px4_ros_com)
[104.196s] Level 1:colcon.colcon_core.environment:create_environment_scripts_only(px4_ros_com)
[104.196s] Level 1:colcon.colcon_core.environment:checking '/home/advitha/ros2_ws/install/px4_ros_com' for CMake module files
[104.196s] Level 1:colcon.colcon_core.environment:checking '/home/advitha/ros2_ws/install/px4_ros_com' for CMake config files
[104.196s] Level 1:colcon.colcon_core.shell:create_environment_hook('px4_ros_com', 'cmake_prefix_path')
[104.197s] INFO:colcon.colcon_core.shell:Creating environment hook '/home/advitha/ros2_ws/install/px4_ros_com/share/px4_ros_com/hook/cmake_prefix_path.ps1'
[104.197s] INFO:colcon.colcon_core.shell:Creating environment descriptor '/home/advitha/ros2_ws/install/px4_ros_com/share/px4_ros_com/hook/cmake_prefix_path.dsv'
[104.197s] INFO:colcon.colcon_core.shell:Creating environment hook '/home/advitha/ros2_ws/install/px4_ros_com/share/px4_ros_com/hook/cmake_prefix_path.sh'
[104.197s] Level 1:colcon.colcon_core.environment:checking '/home/advitha/ros2_ws/install/px4_ros_com/lib'
[104.197s] Level 1:colcon.colcon_core.shell:create_environment_hook('px4_ros_com', 'ld_library_path_lib')
[104.197s] INFO:colcon.colcon_core.shell:Creating environment hook '/home/advitha/ros2_ws/install/px4_ros_com/share/px4_ros_com/hook/ld_library_path_lib.ps1'
[104.197s] INFO:colcon.colcon_core.shell:Creating environment descriptor '/home/advitha/ros2_ws/install/px4_ros_com/share/px4_ros_com/hook/ld_library_path_lib.dsv'
[104.198s] INFO:colcon.colcon_core.shell:Creating environment hook '/home/advitha/ros2_ws/install/px4_ros_com/share/px4_ros_com/hook/ld_library_path_lib.sh'
[104.198s] Level 1:colcon.colcon_core.environment:checking '/home/advitha/ros2_ws/install/px4_ros_com/bin'
[104.198s] Level 1:colcon.colcon_core.environment:checking '/home/advitha/ros2_ws/install/px4_ros_com/lib/pkgconfig/px4_ros_com.pc'
[104.198s] Level 1:colcon.colcon_core.environment:checking '/home/advitha/ros2_ws/install/px4_ros_com/lib/python3.10/site-packages'
[104.198s] Level 1:colcon.colcon_core.environment:checking '/home/advitha/ros2_ws/install/px4_ros_com/bin'
[104.198s] INFO:colcon.colcon_core.shell:Creating package script '/home/advitha/ros2_ws/install/px4_ros_com/share/px4_ros_com/package.ps1'
[104.198s] INFO:colcon.colcon_core.shell:Creating package descriptor '/home/advitha/ros2_ws/install/px4_ros_com/share/px4_ros_com/package.dsv'
[104.199s] INFO:colcon.colcon_core.shell:Creating package script '/home/advitha/ros2_ws/install/px4_ros_com/share/px4_ros_com/package.sh'
[104.199s] INFO:colcon.colcon_core.shell:Creating package script '/home/advitha/ros2_ws/install/px4_ros_com/share/px4_ros_com/package.bash'
[104.199s] INFO:colcon.colcon_core.shell:Creating package script '/home/advitha/ros2_ws/install/px4_ros_com/share/px4_ros_com/package.zsh'
[104.199s] Level 1:colcon.colcon_core.environment:create_file_with_runtime_dependencies(/home/advitha/ros2_ws/install/px4_ros_com/share/colcon-core/packages/px4_ros_com)
[104.199s] DEBUG:colcon.colcon_parallel_executor.executor.parallel:closing loop
[104.199s] DEBUG:colcon.colcon_parallel_executor.executor.parallel:loop closed
[104.199s] DEBUG:colcon.colcon_parallel_executor.executor.parallel:run_until_complete finished with '0'
[104.199s] DEBUG:colcon.colcon_core.event_reactor:joining thread
[104.202s] INFO:colcon.colcon_core.plugin_system:Skipping extension 'colcon_notification.desktop_notification.terminal_notifier': Not used on non-Darwin systems
[104.202s] INFO:colcon.colcon_core.plugin_system:Skipping extension 'colcon_notification.desktop_notification.win32': Not used on non-Windows systems
[104.202s] INFO:colcon.colcon_notification.desktop_notification:Sending desktop notification using 'notify2'
[104.210s] DEBUG:colcon.colcon_core.event_reactor:joined thread
[104.211s] INFO:colcon.colcon_core.shell:Creating prefix script '/home/advitha/ros2_ws/install/local_setup.ps1'
[104.212s] INFO:colcon.colcon_core.shell:Creating prefix util module '/home/advitha/ros2_ws/install/_local_setup_util_ps1.py'
[104.213s] INFO:colcon.colcon_core.shell:Creating prefix chain script '/home/advitha/ros2_ws/install/setup.ps1'
[104.213s] INFO:colcon.colcon_core.shell:Creating prefix script '/home/advitha/ros2_ws/install/local_setup.sh'
[104.214s] INFO:colcon.colcon_core.shell:Creating prefix util module '/home/advitha/ros2_ws/install/_local_setup_util_sh.py'
[104.214s] INFO:colcon.colcon_core.shell:Creating prefix chain script '/home/advitha/ros2_ws/install/setup.sh'
[104.215s] INFO:colcon.colcon_core.shell:Creating prefix script '/home/advitha/ros2_ws/install/local_setup.bash'
[104.215s] INFO:colcon.colcon_core.shell:Creating prefix chain script '/home/advitha/ros2_ws/install/setup.bash'
[104.215s] INFO:colcon.colcon_core.shell:Creating prefix script '/home/advitha/ros2_ws/install/local_setup.zsh'
[104.216s] INFO:colcon.colcon_core.shell:Creating prefix chain script '/home/advitha/ros2_ws/install/setup.zsh'
