running egg_info
creating ../../build/sensor_combined/sensor_combined.egg-info
writing ../../build/sensor_combined/sensor_combined.egg-info/PKG-INFO
writing dependency_links to ../../build/sensor_combined/sensor_combined.egg-info/dependency_links.txt
writing entry points to ../../build/sensor_combined/sensor_combined.egg-info/entry_points.txt
writing requirements to ../../build/sensor_combined/sensor_combined.egg-info/requires.txt
writing top-level names to ../../build/sensor_combined/sensor_combined.egg-info/top_level.txt
writing manifest file '../../build/sensor_combined/sensor_combined.egg-info/SOURCES.txt'
reading manifest file '../../build/sensor_combined/sensor_combined.egg-info/SOURCES.txt'
writing manifest file '../../build/sensor_combined/sensor_combined.egg-info/SOURCES.txt'
running build
running build_py
creating /home/advitha/ros2_ws/build/sensor_combined/build
creating /home/advitha/ros2_ws/build/sensor_combined/build/lib
creating /home/advitha/ros2_ws/build/sensor_combined/build/lib/sensor_combined
copying sensor_combined/__init__.py -> /home/advitha/ros2_ws/build/sensor_combined/build/lib/sensor_combined
running install
running install_lib
creating /home/advitha/ros2_ws/install/sensor_combined/lib/python3.10/site-packages/sensor_combined
copying /home/advitha/ros2_ws/build/sensor_combined/build/lib/sensor_combined/__init__.py -> /home/advitha/ros2_ws/install/sensor_combined/lib/python3.10/site-packages/sensor_combined
byte-compiling /home/advitha/ros2_ws/install/sensor_combined/lib/python3.10/site-packages/sensor_combined/__init__.py to __init__.cpython-310.pyc
running install_data
creating /home/advitha/ros2_ws/install/sensor_combined/share/ament_index
creating /home/advitha/ros2_ws/install/sensor_combined/share/ament_index/resource_index
creating /home/advitha/ros2_ws/install/sensor_combined/share/ament_index/resource_index/packages
copying resource/sensor_combined -> /home/advitha/ros2_ws/install/sensor_combined/share/ament_index/resource_index/packages
copying package.xml -> /home/advitha/ros2_ws/install/sensor_combined/share/sensor_combined
running install_egg_info
Copying ../../build/sensor_combined/sensor_combined.egg-info to /home/advitha/ros2_ws/install/sensor_combined/lib/python3.10/site-packages/sensor_combined-0.0.0-py3.10.egg-info
running install_scripts
writing list of installed files to '/home/advitha/ros2_ws/build/sensor_combined/install.log'
