[0.006s] Invoking command in '/home/advitha/ros2_ws/build/px4_ros_com': AMENT_PREFIX_PATH=/home/advitha/ros2_ws/install/px4_msgs:${AMENT_PREFIX_PATH} CMAKE_PREFIX_PATH=/home/advitha/ros2_ws/install/px4_msgs:/home/advitha/ros2_ws/install/sensor_combined:/opt/ros/humble LD_LIBRARY_PATH=/home/advitha/ros2_ws/install/px4_msgs/lib:${LD_LIBRARY_PATH} PYTHONPATH=/home/advitha/ros2_ws/install/px4_msgs/local/lib/python3.10/dist-packages:${PYTHONPATH} /usr/bin/cmake /home/advitha/ros2_ws/px4_ros_com -DCMAKE_INSTALL_PREFIX=/home/advitha/ros2_ws/install/px4_ros_com
[0.044s] -- The C compiler identification is GNU 11.4.0
[0.091s] -- The CXX compiler identification is GNU 11.4.0
[0.095s] -- Detecting C compiler ABI info
[0.174s] -- Detecting C compiler ABI info - done
[0.179s] -- Check for working C compiler: /usr/bin/cc - skipped
[0.179s] -- Detecting C compile features
[0.179s] -- Detecting C compile features - done
[0.180s] -- Detecting CXX compiler ABI info
[0.238s] -- Detecting CXX compiler ABI info - done
[0.245s] -- Check for working CXX compiler: /usr/bin/c++ - skipped
[0.245s] -- Detecting CXX compile features
[0.246s] -- Detecting CXX compile features - done
[0.248s] -- Found ament_cmake: 1.3.12 (/opt/ros/humble/share/ament_cmake/cmake)
[0.365s] -- Found Python3: /usr/bin/python3 (found version "3.10.12") found components: Interpreter 
[0.414s] -- Found builtin_interfaces: 1.2.2 (/opt/ros/humble/share/builtin_interfaces/cmake)
[0.430s] -- Found rosidl_generator_c: 3.1.7 (/opt/ros/humble/share/rosidl_generator_c/cmake)
[0.432s] -- Found rosidl_adapter: 3.1.7 (/opt/ros/humble/share/rosidl_adapter/cmake)
[0.436s] -- Found rosidl_generator_cpp: 3.1.7 (/opt/ros/humble/share/rosidl_generator_cpp/cmake)
[0.441s] -- Using all available rosidl_typesupport_c: rosidl_typesupport_fastrtps_c;rosidl_typesupport_introspection_c
[0.449s] -- Using all available rosidl_typesupport_cpp: rosidl_typesupport_fastrtps_cpp;rosidl_typesupport_introspection_cpp
[0.459s] -- Found eigen3_cmake_module: 0.1.1 (/opt/ros/humble/share/eigen3_cmake_module/cmake)
[0.465s] -- Found Eigen3: TRUE (found version "3.4.0") 
[0.466s] -- Found geometry_msgs: 4.9.0 (/opt/ros/humble/share/geometry_msgs/cmake)
[0.486s] -- Found px4_msgs: 2.0.1 (/home/advitha/ros2_ws/install/px4_msgs/share/px4_msgs/cmake)
[0.494s] -- Found rclcpp: 16.0.15 (/opt/ros/humble/share/rclcpp/cmake)
[0.519s] -- Found rmw_implementation_cmake: 6.1.2 (/opt/ros/humble/share/rmw_implementation_cmake/cmake)
[0.520s] -- Found rmw_fastrtps_cpp: 6.2.8 (/opt/ros/humble/share/rmw_fastrtps_cpp/cmake)
[0.606s] -- Found OpenSSL: /usr/lib/x86_64-linux-gnu/libcrypto.so (found version "3.0.2")  
[0.630s] -- Found FastRTPS: /opt/ros/humble/include  
[0.656s] -- Using RMW implementation 'rmw_fastrtps_cpp' as default
[0.665s] -- Looking for pthread.h
[0.738s] -- Looking for pthread.h - found
[0.738s] -- Performing Test CMAKE_HAVE_LIBC_PTHREAD
[0.817s] -- Performing Test CMAKE_HAVE_LIBC_PTHREAD - Success
[0.818s] -- Found Threads: TRUE  
[0.849s] -- Found sensor_msgs: 4.9.0 (/opt/ros/humble/share/sensor_msgs/cmake)
[0.859s] -- Found rclpy: 3.3.17 (/opt/ros/humble/share/rclpy/cmake)
[0.863s] -- Found ament_lint_auto: 0.12.14 (/opt/ros/humble/share/ament_lint_auto/cmake)
[0.932s] -- Added test 'copyright' to check source files copyright and LICENSE
[0.936s] -- Added test 'cppcheck' to perform static code analysis on C / C++ code
[0.936s] -- Configured cppcheck include dirs: /home/advitha/ros2_ws/px4_ros_com/include;$<BUILD_INTERFACE:/home/advitha/ros2_ws/px4_ros_com/include/px4_ros_com>
[0.937s] -- Configured cppcheck exclude dirs and/or files: 
[0.940s] -- Added test 'cpplint' to check C / C++ code against the Google style
[0.940s] -- Configured cpplint exclude dirs and/or files: 
[0.941s] -- Added test 'flake8' to check Python code syntax and style conventions
[0.942s] -- Added test 'lint_cmake' to check CMake code style
[0.942s] -- Added test 'pep257' to check Python code against some of the docstring style conventions in PEP 257
[0.945s] -- Added test 'uncrustify' to check C / C++ code style
[0.945s] -- Configured uncrustify additional arguments: 
[0.945s] -- Added test 'xmllint' to check XML markup files
[0.946s] -- Configuring done
[0.959s] -- Generating done
[0.964s] -- Build files have been written to: /home/advitha/ros2_ws/build/px4_ros_com
[0.972s] Invoked command in '/home/advitha/ros2_ws/build/px4_ros_com' returned '0': AMENT_PREFIX_PATH=/home/advitha/ros2_ws/install/px4_msgs:${AMENT_PREFIX_PATH} CMAKE_PREFIX_PATH=/home/advitha/ros2_ws/install/px4_msgs:/home/advitha/ros2_ws/install/sensor_combined:/opt/ros/humble LD_LIBRARY_PATH=/home/advitha/ros2_ws/install/px4_msgs/lib:${LD_LIBRARY_PATH} PYTHONPATH=/home/advitha/ros2_ws/install/px4_msgs/local/lib/python3.10/dist-packages:${PYTHONPATH} /usr/bin/cmake /home/advitha/ros2_ws/px4_ros_com -DCMAKE_INSTALL_PREFIX=/home/advitha/ros2_ws/install/px4_ros_com
[0.972s] Invoking command in '/home/advitha/ros2_ws/build/px4_ros_com': AMENT_PREFIX_PATH=/home/advitha/ros2_ws/install/px4_msgs:${AMENT_PREFIX_PATH} CMAKE_PREFIX_PATH=/home/advitha/ros2_ws/install/px4_msgs:/home/advitha/ros2_ws/install/sensor_combined:/opt/ros/humble LD_LIBRARY_PATH=/home/advitha/ros2_ws/install/px4_msgs/lib:${LD_LIBRARY_PATH} PYTHONPATH=/home/advitha/ros2_ws/install/px4_msgs/local/lib/python3.10/dist-packages:${PYTHONPATH} /usr/bin/cmake --build /home/advitha/ros2_ws/build/px4_ros_com -- -j20 -l20
[1.012s] [  8%] [32mBuilding CXX object CMakeFiles/offboard_control.dir/src/examples/offboard/offboard_control.cpp.o[0m
[1.013s] [ 16%] [32mBuilding CXX object CMakeFiles/offboard_control_srv.dir/src/examples/offboard/offboard_control_srv.cpp.o[0m
[1.015s] [ 25%] [32mBuilding CXX object CMakeFiles/sensor_combined_listener.dir/src/examples/listeners/sensor_combined_listener.cpp.o[0m
[1.016s] [ 33%] [32mBuilding CXX object CMakeFiles/vehicle_gps_position_listener.dir/src/examples/listeners/vehicle_gps_position_listener.cpp.o[0m
[1.021s] [ 41%] [32mBuilding CXX object CMakeFiles/frame_transforms.dir/src/lib/frame_transforms.cpp.o[0m
[1.022s] [ 50%] Built target ament_cmake_python_copy_px4_ros_com
[1.022s] [ 50%] [32mBuilding CXX object CMakeFiles/debug_vect_advertiser.dir/src/examples/advertisers/debug_vect_advertiser.cpp.o[0m
[1.160s] running egg_info
[1.160s] creating px4_ros_com.egg-info
[1.160s] writing px4_ros_com.egg-info/PKG-INFO
[1.160s] writing dependency_links to px4_ros_com.egg-info/dependency_links.txt
[1.160s] writing top-level names to px4_ros_com.egg-info/top_level.txt
[1.160s] writing manifest file 'px4_ros_com.egg-info/SOURCES.txt'
[1.161s] reading manifest file 'px4_ros_com.egg-info/SOURCES.txt'
[1.162s] writing manifest file 'px4_ros_com.egg-info/SOURCES.txt'
[1.180s] [ 50%] Built target ament_cmake_python_build_px4_ros_com_egg
[3.595s] [ 58%] [32m[1mLinking CXX executable debug_vect_advertiser[0m
[3.719s] [ 58%] Built target debug_vect_advertiser
[3.994s] [ 66%] [32m[1mLinking CXX executable offboard_control[0m
[4.125s] [ 66%] Built target offboard_control
[4.430s] [ 75%] [32m[1mLinking CXX executable offboard_control_srv[0m
[4.562s] [ 75%] Built target offboard_control_srv
[5.027s] [ 83%] [32m[1mLinking CXX shared library libframe_transforms.so[0m
[5.170s] [ 83%] Built target frame_transforms
[5.587s] [ 91%] [32m[1mLinking CXX executable sensor_combined_listener[0m
[5.589s] [100%] [32m[1mLinking CXX executable vehicle_gps_position_listener[0m
[5.785s] [100%] Built target sensor_combined_listener
[5.786s] [100%] Built target vehicle_gps_position_listener
[5.793s] Invoked command in '/home/advitha/ros2_ws/build/px4_ros_com' returned '0': AMENT_PREFIX_PATH=/home/advitha/ros2_ws/install/px4_msgs:${AMENT_PREFIX_PATH} CMAKE_PREFIX_PATH=/home/advitha/ros2_ws/install/px4_msgs:/home/advitha/ros2_ws/install/sensor_combined:/opt/ros/humble LD_LIBRARY_PATH=/home/advitha/ros2_ws/install/px4_msgs/lib:${LD_LIBRARY_PATH} PYTHONPATH=/home/advitha/ros2_ws/install/px4_msgs/local/lib/python3.10/dist-packages:${PYTHONPATH} /usr/bin/cmake --build /home/advitha/ros2_ws/build/px4_ros_com -- -j20 -l20
[5.794s] Invoking command in '/home/advitha/ros2_ws/build/px4_ros_com': AMENT_PREFIX_PATH=/home/advitha/ros2_ws/install/px4_msgs:${AMENT_PREFIX_PATH} CMAKE_PREFIX_PATH=/home/advitha/ros2_ws/install/px4_msgs:/home/advitha/ros2_ws/install/sensor_combined:/opt/ros/humble LD_LIBRARY_PATH=/home/advitha/ros2_ws/install/px4_msgs/lib:${LD_LIBRARY_PATH} PYTHONPATH=/home/advitha/ros2_ws/install/px4_msgs/local/lib/python3.10/dist-packages:${PYTHONPATH} /usr/bin/cmake --install /home/advitha/ros2_ws/build/px4_ros_com
[5.798s] -- Install configuration: ""
[5.798s] -- Installing: /home/advitha/ros2_ws/install/px4_ros_com/lib/px4_ros_com/sensor_combined_listener
[5.800s] -- Set runtime path of "/home/advitha/ros2_ws/install/px4_ros_com/lib/px4_ros_com/sensor_combined_listener" to ""
[5.800s] -- Installing: /home/advitha/ros2_ws/install/px4_ros_com/lib/px4_ros_com/vehicle_gps_position_listener
[5.801s] -- Set runtime path of "/home/advitha/ros2_ws/install/px4_ros_com/lib/px4_ros_com/vehicle_gps_position_listener" to ""
[5.801s] -- Installing: /home/advitha/ros2_ws/install/px4_ros_com/lib/px4_ros_com/debug_vect_advertiser
[5.802s] -- Set runtime path of "/home/advitha/ros2_ws/install/px4_ros_com/lib/px4_ros_com/debug_vect_advertiser" to ""
[5.802s] -- Installing: /home/advitha/ros2_ws/install/px4_ros_com/lib/px4_ros_com/offboard_control
[5.803s] -- Set runtime path of "/home/advitha/ros2_ws/install/px4_ros_com/lib/px4_ros_com/offboard_control" to ""
[5.803s] -- Installing: /home/advitha/ros2_ws/install/px4_ros_com/lib/px4_ros_com/offboard_control_srv
[5.803s] -- Set runtime path of "/home/advitha/ros2_ws/install/px4_ros_com/lib/px4_ros_com/offboard_control_srv" to ""
[5.803s] -- Installing: /home/advitha/ros2_ws/install/px4_ros_com/share/px4_ros_com/environment/library_path.sh
[5.804s] -- Installing: /home/advitha/ros2_ws/install/px4_ros_com/share/px4_ros_com/environment/library_path.dsv
[5.804s] -- Installing: /home/advitha/ros2_ws/install/px4_ros_com/include/px4_ros_com
[5.804s] -- Installing: /home/advitha/ros2_ws/install/px4_ros_com/include/px4_ros_com/frame_transforms.h
[5.804s] -- Installing: /home/advitha/ros2_ws/install/px4_ros_com/lib/libframe_transforms.so
[5.805s] -- Set runtime path of "/home/advitha/ros2_ws/install/px4_ros_com/lib/libframe_transforms.so" to ""
[5.805s] -- Installing: /home/advitha/ros2_ws/install/px4_ros_com/share/px4_ros_com//launch
[5.805s] -- Installing: /home/advitha/ros2_ws/install/px4_ros_com/share/px4_ros_com//launch/offboard_control_launch.yaml
[5.805s] -- Installing: /home/advitha/ros2_ws/install/px4_ros_com/share/px4_ros_com//launch/sensor_combined_listener.launch.py
[5.805s] -- Installing: /home/advitha/ros2_ws/install/px4_ros_com/share/px4_ros_com//test
[5.806s] -- Installing: /home/advitha/ros2_ws/install/px4_ros_com/share/px4_ros_com//test/pipeline_io_test.py
[5.806s] -- Installing: /home/advitha/ros2_ws/install/px4_ros_com/share/px4_ros_com//test/test_input.py
[5.806s] -- Installing: /home/advitha/ros2_ws/install/px4_ros_com/share/px4_ros_com//test/test_output.py
[5.806s] -- Installing: /home/advitha/ros2_ws/install/px4_ros_com/share/px4_ros_com//test/__init__.py
[5.806s] -- Installing: /home/advitha/ros2_ws/install/px4_ros_com/share/px4_ros_com/environment/pythonpath.sh
[5.806s] -- Installing: /home/advitha/ros2_ws/install/px4_ros_com/share/px4_ros_com/environment/pythonpath.dsv
[5.806s] -- Installing: /home/advitha/ros2_ws/install/px4_ros_com/local/lib/python3.10/dist-packages/px4_ros_com-0.1.0-py3.10.egg-info
[5.806s] -- Installing: /home/advitha/ros2_ws/install/px4_ros_com/local/lib/python3.10/dist-packages/px4_ros_com-0.1.0-py3.10.egg-info/top_level.txt
[5.806s] -- Installing: /home/advitha/ros2_ws/install/px4_ros_com/local/lib/python3.10/dist-packages/px4_ros_com-0.1.0-py3.10.egg-info/PKG-INFO
[5.806s] -- Installing: /home/advitha/ros2_ws/install/px4_ros_com/local/lib/python3.10/dist-packages/px4_ros_com-0.1.0-py3.10.egg-info/dependency_links.txt
[5.806s] -- Installing: /home/advitha/ros2_ws/install/px4_ros_com/local/lib/python3.10/dist-packages/px4_ros_com-0.1.0-py3.10.egg-info/SOURCES.txt
[5.806s] -- Installing: /home/advitha/ros2_ws/install/px4_ros_com/local/lib/python3.10/dist-packages/px4_ros_com
[5.806s] -- Installing: /home/advitha/ros2_ws/install/px4_ros_com/local/lib/python3.10/dist-packages/px4_ros_com/module_to_import.py
[5.806s] -- Installing: /home/advitha/ros2_ws/install/px4_ros_com/local/lib/python3.10/dist-packages/px4_ros_com/__init__.py
[5.823s] Listing '/home/advitha/ros2_ws/install/px4_ros_com/local/lib/python3.10/dist-packages/px4_ros_com'...
[5.824s] Compiling '/home/advitha/ros2_ws/install/px4_ros_com/local/lib/python3.10/dist-packages/px4_ros_com/__init__.py'...
[5.824s] Compiling '/home/advitha/ros2_ws/install/px4_ros_com/local/lib/python3.10/dist-packages/px4_ros_com/module_to_import.py'...
[5.826s] -- Installing: /home/advitha/ros2_ws/install/px4_ros_com/lib/px4_ros_com/offboard_control.py
[5.826s] -- Installing: /home/advitha/ros2_ws/install/px4_ros_com/share/ament_index/resource_index/package_run_dependencies/px4_ros_com
[5.826s] -- Installing: /home/advitha/ros2_ws/install/px4_ros_com/share/ament_index/resource_index/parent_prefix_path/px4_ros_com
[5.826s] -- Installing: /home/advitha/ros2_ws/install/px4_ros_com/share/px4_ros_com/environment/ament_prefix_path.sh
[5.826s] -- Installing: /home/advitha/ros2_ws/install/px4_ros_com/share/px4_ros_com/environment/ament_prefix_path.dsv
[5.826s] -- Installing: /home/advitha/ros2_ws/install/px4_ros_com/share/px4_ros_com/environment/path.sh
[5.826s] -- Installing: /home/advitha/ros2_ws/install/px4_ros_com/share/px4_ros_com/environment/path.dsv
[5.826s] -- Installing: /home/advitha/ros2_ws/install/px4_ros_com/share/px4_ros_com/local_setup.bash
[5.826s] -- Installing: /home/advitha/ros2_ws/install/px4_ros_com/share/px4_ros_com/local_setup.sh
[5.826s] -- Installing: /home/advitha/ros2_ws/install/px4_ros_com/share/px4_ros_com/local_setup.zsh
[5.826s] -- Installing: /home/advitha/ros2_ws/install/px4_ros_com/share/px4_ros_com/local_setup.dsv
[5.826s] -- Installing: /home/advitha/ros2_ws/install/px4_ros_com/share/px4_ros_com/package.dsv
[5.827s] -- Installing: /home/advitha/ros2_ws/install/px4_ros_com/share/ament_index/resource_index/packages/px4_ros_com
[5.827s] -- Installing: /home/advitha/ros2_ws/install/px4_ros_com/share/px4_ros_com/cmake/export_frame_transformsExport.cmake
[5.827s] -- Installing: /home/advitha/ros2_ws/install/px4_ros_com/share/px4_ros_com/cmake/export_frame_transformsExport-noconfig.cmake
[5.827s] -- Installing: /home/advitha/ros2_ws/install/px4_ros_com/share/px4_ros_com/cmake/ament_cmake_export_dependencies-extras.cmake
[5.827s] -- Installing: /home/advitha/ros2_ws/install/px4_ros_com/share/px4_ros_com/cmake/ament_cmake_export_targets-extras.cmake
[5.827s] -- Installing: /home/advitha/ros2_ws/install/px4_ros_com/share/px4_ros_com/cmake/ament_cmake_export_include_directories-extras.cmake
[5.827s] -- Installing: /home/advitha/ros2_ws/install/px4_ros_com/share/px4_ros_com/cmake/ament_cmake_export_libraries-extras.cmake
[5.827s] -- Installing: /home/advitha/ros2_ws/install/px4_ros_com/share/px4_ros_com/cmake/px4_ros_comConfig.cmake
[5.827s] -- Installing: /home/advitha/ros2_ws/install/px4_ros_com/share/px4_ros_com/cmake/px4_ros_comConfig-version.cmake
[5.827s] -- Installing: /home/advitha/ros2_ws/install/px4_ros_com/share/px4_ros_com/package.xml
[5.828s] Invoked command in '/home/advitha/ros2_ws/build/px4_ros_com' returned '0': AMENT_PREFIX_PATH=/home/advitha/ros2_ws/install/px4_msgs:${AMENT_PREFIX_PATH} CMAKE_PREFIX_PATH=/home/advitha/ros2_ws/install/px4_msgs:/home/advitha/ros2_ws/install/sensor_combined:/opt/ros/humble LD_LIBRARY_PATH=/home/advitha/ros2_ws/install/px4_msgs/lib:${LD_LIBRARY_PATH} PYTHONPATH=/home/advitha/ros2_ws/install/px4_msgs/local/lib/python3.10/dist-packages:${PYTHONPATH} /usr/bin/cmake --install /home/advitha/ros2_ws/build/px4_ros_com
